2023-09-05 16:29:10,598 =============================================================
2023-09-05 16:29:10,598 =============================================================
2023-09-05 16:29:10,598 Today is 2023-09-05 at 04:29 PM
2023-09-05 16:29:10,653 This file is running on: nt Windows 10
2023-09-05 16:29:10,653 The Python version is: 3.11.4
2023-09-05 16:29:10,653 The active conda environment is:  None
2023-09-05 16:29:10,653 The active pip environment is:    None
2023-09-05 16:29:10,653 The active environment path is:   C:\Users\lucim\AppData\Local\Programs\Python\Python311
2023-09-05 16:29:10,653 The current working directory is: C:\Users\lucim\Data Fundamentals Repo\datafun-03-datatypes
2023-09-05 16:29:10,653 This source file is in:           C:\Users\lucim\Data Fundamentals Repo\datafun-03-datatypes
2023-09-05 16:29:10,653 =============================================================
2023-09-05 16:29:10,653 =============================================================
2023-09-05 16:29:10,653 Calling functions from main block
2023-09-05 16:29:10,653 tupleA = (1, 2, 3, 4, 5)
2023-09-05 16:29:10,653 tupleB = (4, 5, 6, 7, 8)
2023-09-05 16:29:10,653 tupleA = (1, 2, 3, 4, 5)
2023-09-05 16:29:10,653 tupleB = (4, 5, 6, 7, 8)
2023-09-05 16:29:10,653 tupleCat = (1, 2, 3, 4, 5, 4, 5, 6, 7, 8)
2023-09-05 16:29:10,653 tupleAThrice = (1, 2, 3, 4, 5, 1, 2, 3, 4, 5, 1, 2, 3, 4, 5)
2023-09-05 16:29:10,653 Quotient: 3, Remainder: 1
2023-09-05 16:29:10,653 setA = {1, 2, 3, 4, 5}
2023-09-05 16:29:10,653 setB = {4, 5, 6, 7, 8}
2023-09-05 16:29:10,653 dogA_dict = {'name': 'Rex', 'age': 2, 'weight_kg': 13.4}
2023-09-05 16:29:10,653 dogB_dict = {'name': 'Fido', 'age': 3, 'weight_kg': 15.2}
2023-09-05 16:29:10,653 assessment_dict = {'low': 0, 'medium': 1, 'high': 2}
2023-09-05 16:29:10,653 data_dict = {'name': ['Alice', 'Bob', 'Charlie', 'David'], 'age': [25, 30, 35, 40], 'income': [50000, 60000, 70000, 80000]}
2023-09-05 16:29:10,653 Word count is a good way to begin processing text.
2023-09-05 16:29:10,653 Given text_simple.txt, the word_counts_dict = {'One': 1, 'fish': 3, 'two': 1, 'red': 1, 'blue': 1, 'fish.': 1}
2023-09-05 16:29:10,653 Given text_simple.txt and comprehensions,
2023-09-05 16:29:10,653 the the word_counts_dict2 = {'One': 1, 'fish': 3, 'two': 1, 'red': 1, 'blue': 1, 'fish.': 1}
2023-09-05 16:29:10,653 Add more logging statements to the code to see what happens.
2023-09-05 16:29:10,653 Explore enough to understand.
2023-09-05 16:29:10,653 Apply these skills to your own topic domain.
