2023-09-08 20:54:44,742 =============================================================
2023-09-08 20:54:44,742 =============================================================
2023-09-08 20:54:44,742 Today is 2023-09-08 at 08:54 PM
2023-09-08 20:54:44,765 This file is running on: nt Windows 10
2023-09-08 20:54:44,765 The Python version is: 3.11.4
2023-09-08 20:54:44,765 The active conda environment is:  None
2023-09-08 20:54:44,765 The active pip environment is:    None
2023-09-08 20:54:44,765 The active environment path is:   C:\Users\lucim\AppData\Local\Programs\Python\Python311
2023-09-08 20:54:44,765 The current working directory is: C:\Users\lucim\Data Fundamentals Repo\datafun-03-datatypes
2023-09-08 20:54:44,765 This source file is in:           C:\Users\lucim\Data Fundamentals Repo\datafun-03-datatypes
2023-09-08 20:54:44,765 =============================================================
2023-09-08 20:54:44,765 =============================================================
2023-09-08 20:54:44,765 Calling funcions from the main block
2023-09-08 20:54:44,765 list_1: [18, 7, 20, 5, 10, 7, 8, 2, 6, 12, 8, 9, 3, 11, 5, 6, 15, 4, 5, 7]
2023-09-08 20:54:44,765 mean: 8.4
2023-09-08 20:54:44,765 median: 7.0
2023-09-08 20:54:44,765 mode: 7
2023-09-08 20:54:44,765 stdev:  4.78
2023-09-08 20:54:44,765 variance:  22.88
2023-09-08 20:54:44,765 
2023-09-08 20:54:44,765 
2023-09-08 20:54:44,765 listx: [1, 2, 3, 4, 5, 6, 7, 8, 9, 10]
2023-09-08 20:54:44,765 listy: [6320, 10201, 10504, 11200, 9386, 5754, 5202, 5300, 4800, 4000]
2023-09-08 20:54:44,765 correlation between x and y: -0.71
2023-09-08 20:54:44,765 The equation of the best fit line is: y = -644.44x +  10811.13
2023-09-08 20:54:44,765 We predict that when x = 15, y will be  1144.50
2023-09-08 20:54:44,765 
2023-09-08 20:54:44,765 
2023-09-08 20:54:44,765 The minimum value in list_1 is 2
2023-09-08 20:54:44,765 The maximum value in list_1 is 20
2023-09-08 20:54:44,765 The number of values in the list are: 20
2023-09-08 20:54:44,765 The sum of all the values in list_1 is 168
2023-09-08 20:54:44,765 The average value is 8.4
2023-09-08 20:54:44,765  The set of unique values for list_1 is: {2, 3, 4, 5, 6, 7, 8, 9, 10, 11, 12, 15, 18, 20}
2023-09-08 20:54:44,765 Using the sorted function we get: [2, 3, 4, 5, 5, 5, 6, 6, 7, 7, 7, 8, 8, 9, 10, 11, 12, 15, 18, 20]
2023-09-08 20:54:44,765 Using the sorted reverse function we get: [20, 18, 15, 12, 11, 10, 9, 8, 8, 7, 7, 7, 6, 6, 5, 5, 5, 4, 3, 2]
2023-09-08 20:54:44,765 
2023-09-08 20:54:44,765 
2023-09-08 20:54:44,765 lst: [10, 20, 30, 40]
2023-09-08 20:54:44,765 The appended list is: [10, 20, 30, 40, 50]
2023-09-08 20:54:44,765 The extended lst is: [10, 20, 30, 40, 50, 5, 10, 15, 20]
2023-09-08 20:54:44,765 lst after inserting values: [10, 20, 25, 30, 40, 50, 5, 10, 15, 20]
2023-09-08 20:54:44,765 The lst after removing a value: [20, 25, 30, 40, 50, 5, 10, 15, 20]
2023-09-08 20:54:44,765 the number of 20's is 2
2023-09-08 20:54:44,765 The ascending list is: [5, 10, 15, 20, 20, 25, 30, 40, 50]
2023-09-08 20:54:44,765 The descending list is: [50, 40, 30, 25, 20, 20, 15, 10, 5]
2023-09-08 20:54:44,765 The lstcopy is [50, 40, 30, 25, 20, 20, 15, 10, 5]
2023-09-08 20:54:44,765 Popped the first item off the top of lstcopy (50).Now lstcopy is [40, 30, 25, 20, 20, 15, 10, 5]
2023-09-08 20:54:44,765 Popped the last item off the end of lstcopy (5). Now lstcopy is [40, 30, 25, 20, 20, 15, 10]
2023-09-08 20:54:44,765 
2023-09-08 20:54:44,765 
2023-09-08 20:54:44,765 List_1= [18, 7, 20, 5, 10, 7, 8, 2, 6, 12, 8, 9, 3, 11, 5, 6, 15, 4, 5, 7]
2023-09-08 20:54:44,765 Times moved under 10: [7, 5, 7, 8, 2, 6, 8, 9, 3, 5, 6, 4, 5, 7]
2023-09-08 20:54:44,765 The cubed root of the numbers is: [2.62, 1.91, 2.71, 1.71, 2.15, 1.91, 2.0, 1.26, 1.82, 2.29, 2.0, 2.08, 1.44, 2.22, 1.71, 1.82, 2.47, 1.59, 1.71, 1.91]
2023-09-08 20:54:44,765 The volume of a cube with x length is: [5832, 343, 8000, 125, 1000, 343, 512, 8, 216, 1728, 512, 729, 27, 1331, 125, 216, 3375, 64, 125, 343]
2023-09-08 20:54:44,765 
2023-09-08 20:54:44,765 
2023-09-08 20:54:44,765 List_1: [18, 7, 20, 5, 10, 7, 8, 2, 6, 12, 8, 9, 3, 11, 5, 6, 15, 4, 5, 7]
2023-09-08 20:54:44,765 The under 10 list is [7, 5, 7, 8, 2, 6, 8, 9, 3, 5, 6, 4, 5, 7]
2023-09-08 20:54:44,765 The list-1 tripled is: [54, 21, 60, 15, 30, 21, 24, 6, 18, 36, 24, 27, 9, 33, 15, 18, 45, 12, 15, 21]
2023-09-08 20:54:44,765 The even numbers in list_1 are: [18, 20, 10, 8, 2, 6, 12, 8, 6, 4]
2023-09-08 20:54:44,765 
